<?xml version="1.0" encoding="UTF-8"?>
<!-- Generated by org.testng.reporters.JUnitXMLReporter -->
<testsuite hostname="DESKTOP-QAKAGND" ignored="3" name="Test" tests="1" failures="0" timestamp="31 Jan 2019 17:49:01 GMT" time="0.093" errors="0">
  <testcase name="testA" time="0.025" classname="Annotations.test"/>
  <testcase name="testC" time="0.0" classname="Annotations.test">
    <ignored/>
  </testcase> <!-- testC -->
  <testcase name="testD" time="0.0" classname="Annotations.test">
    <ignored/>
  </testcase> <!-- testD -->
  <testcase name="testB" time="0.0" classname="Annotations.testb">
    <ignored/>
  </testcase> <!-- testB -->
</testsuite> <!-- Test -->
