<?xml version="1.0" encoding="UTF-8"?>
<testng-results skipped="0" failed="0" ignored="0" total="1" passed="1">
  <reporter-output>
  </reporter-output>
  <suite name="Default suite" duration-ms="19452" started-at="2019-02-07T01:23:56Z" finished-at="2019-02-07T01:24:15Z">
    <groups>
    </groups>
    <test name="Default test" duration-ms="19452" started-at="2019-02-07T01:23:56Z" finished-at="2019-02-07T01:24:15Z">
      <class name="test.BluestoneOffer">
        <test-method status="PASS" signature="main()[pri:0, instance:test.BluestoneOffer@457e2f02]" name="main" duration-ms="19421" started-at="2019-02-07T01:23:56Z" finished-at="2019-02-07T01:24:15Z">
          <reporter-output>
          </reporter-output>
        </test-method> <!-- main -->
      </class> <!-- test.BluestoneOffer -->
    </test> <!-- Default test -->
  </suite> <!-- Default suite -->
</testng-results>
